<?xml version="1.0" encoding="UTF-8"?>
<!-- Generated by org.testng.reporters.JUnitReportReporter -->
<testsuite hostname="LAPTOP-53G263RI" failures="0" tests="1" name="com.pk.test.BaseClass" time="67.466" errors="0" timestamp="2023-11-21T13:32:12 IST" skipped="0">
  <testcase classname="com.pk.test.BaseClass" name="testMethod1" time="67.466"/>
</testsuite> <!-- com.pk.test.BaseClass -->
